<?xml version="1.0" encoding="UTF-8"?>
<testng-results skipped="0" failed="0" ignored="0" total="9" passed="9">
  <reporter-output>
  </reporter-output>
  <suite name="Default suite" duration-ms="41814" started-at="2019-10-25T09:15:04 EEST" finished-at="2019-10-25T09:15:46 EEST">
    <groups>
    </groups>
    <test name="Default test" duration-ms="41814" started-at="2019-10-25T09:15:04 EEST" finished-at="2019-10-25T09:15:46 EEST">
      <class name="testErcan.SeleniumTestErcan">
        <test-method status="PASS" signature="setUp()[pri:0, instance:testErcan.SeleniumTestErcan@27a8c74e]" name="setUp" is-config="true" duration-ms="2897" started-at="2019-10-25T09:15:04 EEST" finished-at="2019-10-25T09:15:07 EEST">
          <reporter-output>
          </reporter-output>
        </test-method> <!-- setUp -->
        <test-method status="PASS" signature="openN11test()[pri:1, instance:testErcan.SeleniumTestErcan@27a8c74e]" name="openN11test" duration-ms="23625" started-at="2019-10-25T09:15:07 EEST" finished-at="2019-10-25T09:15:30 EEST">
          <reporter-output>
          </reporter-output>
        </test-method> <!-- openN11test -->
        <test-method status="PASS" signature="loginN11Test()[pri:2, instance:testErcan.SeleniumTestErcan@27a8c74e]" name="loginN11Test" duration-ms="2486" started-at="2019-10-25T09:15:30 EEST" finished-at="2019-10-25T09:15:33 EEST">
          <reporter-output>
          </reporter-output>
        </test-method> <!-- loginN11Test -->
        <test-method status="PASS" signature="searchWordN11Test()[pri:3, instance:testErcan.SeleniumTestErcan@27a8c74e]" name="searchWordN11Test" duration-ms="4628" started-at="2019-10-25T09:15:33 EEST" finished-at="2019-10-25T09:15:37 EEST">
          <reporter-output>
          </reporter-output>
        </test-method> <!-- searchWordN11Test -->
        <test-method status="PASS" signature="gotopage2N11Test()[pri:4, instance:testErcan.SeleniumTestErcan@27a8c74e]" name="gotopage2N11Test" duration-ms="4269" started-at="2019-10-25T09:15:37 EEST" finished-at="2019-10-25T09:15:42 EEST">
          <reporter-output>
          </reporter-output>
        </test-method> <!-- gotopage2N11Test -->
        <test-method status="PASS" signature="pickARandomProductN11Test()[pri:5, instance:testErcan.SeleniumTestErcan@27a8c74e]" name="pickARandomProductN11Test" duration-ms="166" started-at="2019-10-25T09:15:42 EEST" finished-at="2019-10-25T09:15:42 EEST">
          <reporter-output>
          </reporter-output>
        </test-method> <!-- pickARandomProductN11Test -->
        <test-method status="PASS" signature="addToBasketN11Test()[pri:6, instance:testErcan.SeleniumTestErcan@27a8c74e]" name="addToBasketN11Test" duration-ms="2400" started-at="2019-10-25T09:15:42 EEST" finished-at="2019-10-25T09:15:44 EEST">
          <reporter-output>
          </reporter-output>
        </test-method> <!-- addToBasketN11Test -->
        <test-method status="PASS" signature="checkBasketandActualPriceN11()[pri:7, instance:testErcan.SeleniumTestErcan@27a8c74e]" name="checkBasketandActualPriceN11" duration-ms="310" started-at="2019-10-25T09:15:44 EEST" finished-at="2019-10-25T09:15:45 EEST">
          <reporter-output>
          </reporter-output>
        </test-method> <!-- checkBasketandActualPriceN11 -->
        <test-method status="PASS" signature="deleteItemfromBasketN11()[pri:8, instance:testErcan.SeleniumTestErcan@27a8c74e]" name="deleteItemfromBasketN11" duration-ms="63" started-at="2019-10-25T09:15:45 EEST" finished-at="2019-10-25T09:15:45 EEST">
          <reporter-output>
          </reporter-output>
        </test-method> <!-- deleteItemfromBasketN11 -->
        <test-method status="PASS" signature="addTwoItemN11()[pri:9, instance:testErcan.SeleniumTestErcan@27a8c74e]" name="addTwoItemN11" duration-ms="210" started-at="2019-10-25T09:15:45 EEST" finished-at="2019-10-25T09:15:45 EEST">
          <reporter-output>
          </reporter-output>
        </test-method> <!-- addTwoItemN11 -->
        <test-method status="PASS" signature="tearDown()[pri:0, instance:testErcan.SeleniumTestErcan@27a8c74e]" name="tearDown" is-config="true" duration-ms="711" started-at="2019-10-25T09:15:45 EEST" finished-at="2019-10-25T09:15:46 EEST">
          <reporter-output>
          </reporter-output>
        </test-method> <!-- tearDown -->
      </class> <!-- testErcan.SeleniumTestErcan -->
    </test> <!-- Default test -->
  </suite> <!-- Default suite -->
</testng-results>
