<?xml version="1.0" encoding="UTF-8"?>
<!-- Generated by org.testng.reporters.JUnitXMLReporter -->
<testsuite hostname="DESKTOP-T5PIO20" ignored="0" name="Default test" tests="9" failures="0" timestamp="2019-10-25T09:15:46 EEST" time="41.814" errors="0">
  <testcase name="openN11test" time="23.625" classname="testErcan.SeleniumTestErcan"/>
  <testcase name="loginN11Test" time="2.486" classname="testErcan.SeleniumTestErcan"/>
  <testcase name="searchWordN11Test" time="4.628" classname="testErcan.SeleniumTestErcan"/>
  <testcase name="gotopage2N11Test" time="4.269" classname="testErcan.SeleniumTestErcan"/>
  <testcase name="pickARandomProductN11Test" time="0.166" classname="testErcan.SeleniumTestErcan"/>
  <testcase name="addToBasketN11Test" time="2.4" classname="testErcan.SeleniumTestErcan"/>
  <testcase name="checkBasketandActualPriceN11" time="0.31" classname="testErcan.SeleniumTestErcan"/>
  <testcase name="deleteItemfromBasketN11" time="0.063" classname="testErcan.SeleniumTestErcan"/>
  <testcase name="addTwoItemN11" time="0.21" classname="testErcan.SeleniumTestErcan"/>
</testsuite> <!-- Default test -->
